mode: set
github.com/Breus/mbpqs/address.go:17.45,19.2 1 1
github.com/Breus/mbpqs/address.go:21.43,24.2 2 1
github.com/Breus/mbpqs/address.go:26.42,28.2 1 1
github.com/Breus/mbpqs/address.go:30.55,32.2 1 1
github.com/Breus/mbpqs/address.go:34.52,38.2 3 1
github.com/Breus/mbpqs/address.go:40.41,42.2 1 1
github.com/Breus/mbpqs/address.go:44.45,46.2 1 1
github.com/Breus/mbpqs/address.go:48.43,50.2 1 1
github.com/Breus/mbpqs/address.go:52.45,54.2 1 1
github.com/Breus/mbpqs/address.go:56.55,58.2 1 1
github.com/Breus/mbpqs/address.go:60.53,62.2 1 1
github.com/Breus/mbpqs/address.go:65.44,66.25 1 1
github.com/Breus/mbpqs/address.go:66.25,68.3 1 1
github.com/Breus/mbpqs/address.go:72.53,76.2 3 1
github.com/Breus/mbpqs/api.go:6.86,8.2 1 1
github.com/Breus/mbpqs/api.go:12.68,14.2 1 1
github.com/Breus/mbpqs/api.go:17.69,19.2 1 1
github.com/Breus/mbpqs/api.go:22.73,24.2 1 1
github.com/Breus/mbpqs/api.go:27.84,29.2 1 1
github.com/Breus/mbpqs/api.go:32.80,34.2 1 1
github.com/Breus/mbpqs/api.go:38.15,40.2 1 1
github.com/Breus/mbpqs/api.go:46.81,47.25 1 1
github.com/Breus/mbpqs/api.go:48.22,49.48 1 1
github.com/Breus/mbpqs/api.go:50.21,51.75 1 1
github.com/Breus/mbpqs/api.go:52.22,53.61 1 1
github.com/Breus/mbpqs/api.go:54.10,55.59 1 0
github.com/Breus/mbpqs/encode.go:6.45,7.21 1 1
github.com/Breus/mbpqs/encode.go:7.21,9.38 2 1
github.com/Breus/mbpqs/encode.go:9.38,11.4 1 1
github.com/Breus/mbpqs/encode.go:12.8,13.38 1 1
github.com/Breus/mbpqs/encode.go:13.38,16.4 2 1
github.com/Breus/mbpqs/encode.go:21.48,25.2 3 1
github.com/Breus/mbpqs/params.go:22.45,25.2 2 1
github.com/Breus/mbpqs/params.go:28.40,29.18 1 1
github.com/Breus/mbpqs/params.go:30.9,31.11 1 1
github.com/Breus/mbpqs/params.go:32.10,33.11 1 1
github.com/Breus/mbpqs/params.go:34.11,35.11 1 1
github.com/Breus/mbpqs/params.go:36.10,37.45 1 0
github.com/Breus/mbpqs/params.go:42.41,44.2 1 1
github.com/Breus/mbpqs/params.go:47.41,48.18 1 1
github.com/Breus/mbpqs/params.go:49.9,50.11 1 1
github.com/Breus/mbpqs/params.go:51.10,52.11 1 1
github.com/Breus/mbpqs/params.go:53.11,54.11 1 1
github.com/Breus/mbpqs/params.go:55.10,56.45 1 0
github.com/Breus/mbpqs/params.go:61.40,63.2 1 1
github.com/Breus/mbpqs/params.go:66.50,68.2 1 1
github.com/Breus/mbpqs/wots.go:7.28,14.34 7 1
github.com/Breus/mbpqs/wots.go:14.34,16.3 1 1
github.com/Breus/mbpqs/wots.go:21.58,29.41 4 1
github.com/Breus/mbpqs/wots.go:32.2,40.12 3 1
github.com/Breus/mbpqs/wots.go:29.41,31.3 1 1
github.com/Breus/mbpqs/wots.go:45.59,46.25 1 1
github.com/Breus/mbpqs/wots.go:51.2,56.56 5 1
github.com/Breus/mbpqs/wots.go:46.25,49.3 2 1
github.com/Breus/mbpqs/wots.go:56.56,57.16 1 1
github.com/Breus/mbpqs/wots.go:62.3,64.8 3 1
github.com/Breus/mbpqs/wots.go:57.16,61.4 3 1
github.com/Breus/mbpqs/wots.go:71.71,74.62 3 1
github.com/Breus/mbpqs/wots.go:74.62,77.3 2 1
github.com/Breus/mbpqs/wots.go:82.23,86.2 3 1
github.com/Breus/mbpqs/wots.go:90.28,93.34 3 1
github.com/Breus/mbpqs/wots.go:93.34,98.3 2 1
github.com/Breus/mbpqs/wots.go:103.23,107.2 3 1
github.com/Breus/mbpqs/wots.go:111.54,115.34 4 1
github.com/Breus/mbpqs/wots.go:115.34,120.3 2 1
github.com/Breus/mbpqs/wots.go:126.49,129.34 3 1
github.com/Breus/mbpqs/wots.go:129.34,134.3 2 1
github.com/Breus/mbpqs/wots.go:139.45,143.2 3 1
github.com/Breus/mbpqs/wots.go:147.23,154.2 6 1
github.com/Breus/mbpqs/signatures.go:41.52,43.2 1 1
github.com/Breus/mbpqs/signatures.go:46.73,48.2 1 1
github.com/Breus/mbpqs/signatures.go:52.70,54.2 1 1
github.com/Breus/mbpqs/signatures.go:57.47,59.2 1 0
github.com/Breus/mbpqs/signatures.go:63.69,64.25 1 1
github.com/Breus/mbpqs/signatures.go:67.2,67.20 1 1
github.com/Breus/mbpqs/signatures.go:64.25,66.3 1 0
github.com/Breus/mbpqs/signatures.go:71.47,72.61 1 1
github.com/Breus/mbpqs/signatures.go:75.2,75.14 1 1
github.com/Breus/mbpqs/signatures.go:72.61,74.3 1 0
github.com/Breus/mbpqs/tree.go:38.45,40.2 1 1
github.com/Breus/mbpqs/tree.go:43.61,49.2 1 1
github.com/Breus/mbpqs/tree.go:52.42,54.2 1 1
github.com/Breus/mbpqs/tree.go:57.80,61.2 3 1
github.com/Breus/mbpqs/tree.go:64.88,83.22 12 1
github.com/Breus/mbpqs/tree.go:132.2,134.55 2 1
github.com/Breus/mbpqs/tree.go:83.22,84.53 1 0
github.com/Breus/mbpqs/tree.go:84.53,88.4 3 0
github.com/Breus/mbpqs/tree.go:89.8,96.19 5 1
github.com/Breus/mbpqs/tree.go:99.3,100.32 2 1
github.com/Breus/mbpqs/tree.go:129.3,129.12 1 1
github.com/Breus/mbpqs/tree.go:96.19,98.4 1 1
github.com/Breus/mbpqs/tree.go:100.32,101.40 1 1
github.com/Breus/mbpqs/tree.go:101.40,104.9 3 1
github.com/Breus/mbpqs/tree.go:126.5,126.14 1 1
github.com/Breus/mbpqs/tree.go:104.9,109.39 5 1
github.com/Breus/mbpqs/tree.go:112.6,113.38 2 1
github.com/Breus/mbpqs/tree.go:116.6,116.38 1 1
github.com/Breus/mbpqs/tree.go:109.39,110.12 1 1
github.com/Breus/mbpqs/tree.go:113.38,115.7 1 1
github.com/Breus/mbpqs/tree.go:116.38,124.7 3 1
github.com/Breus/mbpqs/tree.go:134.55,138.64 2 1
github.com/Breus/mbpqs/tree.go:138.64,144.4 2 1
github.com/Breus/mbpqs/tree.go:149.53,152.2 2 1
github.com/Breus/mbpqs/tree.go:157.37,161.2 3 1
github.com/Breus/mbpqs/tree.go:165.101,168.12 3 1
github.com/Breus/mbpqs/tree.go:194.2,197.12 3 1
github.com/Breus/mbpqs/tree.go:168.12,174.35 4 1
github.com/Breus/mbpqs/tree.go:184.3,184.15 1 1
github.com/Breus/mbpqs/tree.go:192.3,192.11 1 1
github.com/Breus/mbpqs/tree.go:174.35,182.4 2 1
github.com/Breus/mbpqs/tree.go:184.15,188.4 2 1
github.com/Breus/mbpqs/tree.go:188.9,190.4 1 1
github.com/Breus/mbpqs/tree.go:201.50,205.34 4 1
github.com/Breus/mbpqs/tree.go:213.2,213.12 1 1
github.com/Breus/mbpqs/tree.go:205.34,212.3 3 1
github.com/Breus/mbpqs/tree.go:220.48,228.2 3 1
github.com/Breus/mbpqs/tree.go:230.37,232.2 1 1
github.com/Breus/mbpqs/tree.go:234.37,236.2 1 1
github.com/Breus/mbpqs/tree.go:238.39,240.2 1 1
github.com/Breus/mbpqs/tree.go:242.43,244.2 1 1
github.com/Breus/mbpqs/tree.go:246.46,248.2 1 1
github.com/Breus/mbpqs/tree.go:250.40,252.2 1 1
github.com/Breus/mbpqs/channel.go:33.60,39.2 1 1
github.com/Breus/mbpqs/channel.go:42.85,46.2 3 1
github.com/Breus/mbpqs/channel.go:49.93,66.25 11 1
github.com/Breus/mbpqs/channel.go:117.2,119.47 2 1
github.com/Breus/mbpqs/channel.go:66.25,68.39 1 0
github.com/Breus/mbpqs/channel.go:68.39,72.4 3 0
github.com/Breus/mbpqs/channel.go:73.8,80.19 5 1
github.com/Breus/mbpqs/channel.go:83.3,84.32 2 1
github.com/Breus/mbpqs/channel.go:113.3,113.12 1 1
github.com/Breus/mbpqs/channel.go:80.19,82.4 1 1
github.com/Breus/mbpqs/channel.go:84.32,85.40 1 1
github.com/Breus/mbpqs/channel.go:85.40,88.9 3 1
github.com/Breus/mbpqs/channel.go:110.5,110.14 1 1
github.com/Breus/mbpqs/channel.go:88.9,93.29 5 1
github.com/Breus/mbpqs/channel.go:96.6,97.28 2 1
github.com/Breus/mbpqs/channel.go:100.6,100.38 1 1
github.com/Breus/mbpqs/channel.go:93.29,94.12 1 1
github.com/Breus/mbpqs/channel.go:97.28,99.7 1 1
github.com/Breus/mbpqs/channel.go:100.38,108.7 3 1
github.com/Breus/mbpqs/channel.go:119.47,125.3 3 1
github.com/Breus/mbpqs/channel.go:129.46,130.24 1 1
github.com/Breus/mbpqs/channel.go:134.2,135.22 2 1
github.com/Breus/mbpqs/channel.go:130.24,132.3 1 1
github.com/Breus/mbpqs/channel.go:139.54,142.2 2 1
github.com/Breus/mbpqs/channel.go:145.43,147.2 1 1
github.com/Breus/mbpqs/channel.go:150.47,152.2 1 1
github.com/Breus/mbpqs/channel.go:155.63,161.2 1 1
github.com/Breus/mbpqs/channel.go:164.63,166.2 1 1
github.com/Breus/mbpqs/channel.go:169.65,173.2 3 1
github.com/Breus/mbpqs/channel.go:176.76,183.2 5 1
github.com/Breus/mbpqs/channel.go:186.60,188.2 1 1
github.com/Breus/mbpqs/channel.go:191.50,194.24 1 1
github.com/Breus/mbpqs/channel.go:198.2,198.36 1 1
github.com/Breus/mbpqs/channel.go:194.24,196.3 1 1
github.com/Breus/mbpqs/channel.go:202.73,204.33 2 1
github.com/Breus/mbpqs/channel.go:207.2,207.37 1 1
github.com/Breus/mbpqs/channel.go:204.33,206.3 1 0
github.com/Breus/mbpqs/channel.go:211.57,213.2 1 1
github.com/Breus/mbpqs/channel.go:216.77,226.16 6 1
github.com/Breus/mbpqs/channel.go:231.2,233.21 3 1
github.com/Breus/mbpqs/channel.go:226.16,228.3 1 0
github.com/Breus/mbpqs/channel.go:238.41,240.16 2 1
github.com/Breus/mbpqs/channel.go:244.2,247.8 1 1
github.com/Breus/mbpqs/channel.go:240.16,242.3 1 0
github.com/Breus/mbpqs/channel.go:251.73,253.69 2 1
github.com/Breus/mbpqs/channel.go:256.2,256.34 1 1
github.com/Breus/mbpqs/channel.go:253.69,255.3 1 0
github.com/Breus/mbpqs/channel.go:261.33,266.16 4 1
github.com/Breus/mbpqs/channel.go:269.2,287.56 13 1
github.com/Breus/mbpqs/channel.go:290.2,290.18 1 1
github.com/Breus/mbpqs/channel.go:266.16,268.3 1 0
github.com/Breus/mbpqs/channel.go:287.56,289.3 1 0
github.com/Breus/mbpqs/context.go:22.54,24.28 2 1
github.com/Breus/mbpqs/context.go:27.2,27.41 1 1
github.com/Breus/mbpqs/context.go:30.2,30.18 1 1
github.com/Breus/mbpqs/context.go:33.2,41.17 9 1
github.com/Breus/mbpqs/context.go:24.28,26.3 1 0
github.com/Breus/mbpqs/context.go:27.41,29.3 1 0
github.com/Breus/mbpqs/context.go:30.18,32.3 1 0
github.com/Breus/mbpqs/context.go:46.34,47.110 1 1
github.com/Breus/mbpqs/context.go:52.2,55.16 3 1
github.com/Breus/mbpqs/context.go:58.2,59.16 2 1
github.com/Breus/mbpqs/context.go:62.2,62.20 1 1
github.com/Breus/mbpqs/context.go:47.110,50.3 1 0
github.com/Breus/mbpqs/context.go:55.16,57.3 1 0
github.com/Breus/mbpqs/context.go:59.16,61.3 1 0
github.com/Breus/mbpqs/context.go:66.125,83.2 5 1
github.com/Breus/mbpqs/context.go:86.52,94.2 2 1
github.com/Breus/mbpqs/hash.go:46.24,48.24 2 1
github.com/Breus/mbpqs/hash.go:57.2,57.19 1 1
github.com/Breus/mbpqs/hash.go:62.2,70.73 5 1
github.com/Breus/mbpqs/hash.go:84.2,84.19 1 1
github.com/Breus/mbpqs/hash.go:88.2,88.72 1 1
github.com/Breus/mbpqs/hash.go:97.2,97.8 1 1
github.com/Breus/mbpqs/hash.go:48.24,51.3 2 1
github.com/Breus/mbpqs/hash.go:51.8,54.3 2 1
github.com/Breus/mbpqs/hash.go:57.19,60.3 2 1
github.com/Breus/mbpqs/hash.go:70.73,83.3 5 1
github.com/Breus/mbpqs/hash.go:84.19,86.3 1 1
github.com/Breus/mbpqs/hash.go:88.72,95.3 5 1
github.com/Breus/mbpqs/hash.go:101.62,102.24 1 1
github.com/Breus/mbpqs/hash.go:102.24,105.3 2 1
github.com/Breus/mbpqs/hash.go:105.8,108.3 2 1
github.com/Breus/mbpqs/hash.go:112.62,113.24 1 1
github.com/Breus/mbpqs/hash.go:118.2,119.8 2 1
github.com/Breus/mbpqs/hash.go:113.24,115.3 1 1
github.com/Breus/mbpqs/hash.go:115.8,117.3 1 1
github.com/Breus/mbpqs/hash.go:138.64,142.2 3 1
github.com/Breus/mbpqs/hash.go:145.102,157.2 8 1
github.com/Breus/mbpqs/hash.go:162.73,167.2 3 1
github.com/Breus/mbpqs/hash.go:170.50,192.2 11 1
github.com/Breus/mbpqs/hash.go:197.46,200.16 3 1
github.com/Breus/mbpqs/hash.go:203.2,203.17 1 1
github.com/Breus/mbpqs/hash.go:200.16,202.3 1 0
github.com/Breus/mbpqs/hash.go:207.48,209.24 2 1
github.com/Breus/mbpqs/hash.go:215.2,228.12 7 1
github.com/Breus/mbpqs/hash.go:209.24,211.3 1 1
github.com/Breus/mbpqs/hash.go:211.8,213.3 1 1
github.com/Breus/mbpqs/hash.go:232.76,236.2 3 1
github.com/Breus/mbpqs/hash.go:239.78,249.2 5 1
github.com/Breus/mbpqs/hash.go:252.78,256.2 3 1
github.com/Breus/mbpqs/hash.go:259.80,265.2 5 1
github.com/Breus/mbpqs/mbpqs.go:51.60,59.2 1 1
github.com/Breus/mbpqs/mbpqs.go:62.66,65.16 2 1
github.com/Breus/mbpqs/mbpqs.go:70.2,71.16 2 1
github.com/Breus/mbpqs/mbpqs.go:74.2,75.16 2 1
github.com/Breus/mbpqs/mbpqs.go:78.2,79.16 2 1
github.com/Breus/mbpqs/mbpqs.go:84.2,84.50 1 1
github.com/Breus/mbpqs/mbpqs.go:65.16,67.3 1 0
github.com/Breus/mbpqs/mbpqs.go:71.16,73.3 1 0
github.com/Breus/mbpqs/mbpqs.go:75.16,77.3 1 0
github.com/Breus/mbpqs/mbpqs.go:79.16,81.3 1 0
github.com/Breus/mbpqs/mbpqs.go:88.76,92.16 3 1
github.com/Breus/mbpqs/mbpqs.go:96.2,99.16 3 1
github.com/Breus/mbpqs/mbpqs.go:104.2,119.18 6 1
github.com/Breus/mbpqs/mbpqs.go:92.16,94.3 1 1
github.com/Breus/mbpqs/mbpqs.go:99.16,101.3 1 0
github.com/Breus/mbpqs/mbpqs.go:123.89,127.16 3 1
github.com/Breus/mbpqs/mbpqs.go:132.2,151.58 13 1
github.com/Breus/mbpqs/mbpqs.go:170.2,172.56 2 1
github.com/Breus/mbpqs/mbpqs.go:175.2,175.18 1 1
github.com/Breus/mbpqs/mbpqs.go:127.16,129.3 1 0
github.com/Breus/mbpqs/mbpqs.go:151.58,159.19 5 1
github.com/Breus/mbpqs/mbpqs.go:167.3,168.14 2 1
github.com/Breus/mbpqs/mbpqs.go:159.19,162.4 2 1
github.com/Breus/mbpqs/mbpqs.go:162.9,165.4 2 1
github.com/Breus/mbpqs/mbpqs.go:172.56,174.3 1 1
github.com/Breus/mbpqs/mbpqs.go:179.58,184.52 3 1
github.com/Breus/mbpqs/mbpqs.go:187.2,188.26 2 1
github.com/Breus/mbpqs/mbpqs.go:184.52,186.3 1 1
github.com/Breus/mbpqs/mbpqs.go:193.101,195.16 1 1
github.com/Breus/mbpqs/mbpqs.go:199.2,199.41 1 1
github.com/Breus/mbpqs/mbpqs.go:202.2,205.78 2 1
github.com/Breus/mbpqs/mbpqs.go:210.2,236.16 13 1
github.com/Breus/mbpqs/mbpqs.go:241.2,252.17 2 1
github.com/Breus/mbpqs/mbpqs.go:195.16,197.3 1 0
github.com/Breus/mbpqs/mbpqs.go:199.41,201.3 1 1
github.com/Breus/mbpqs/mbpqs.go:205.78,207.3 1 0
github.com/Breus/mbpqs/mbpqs.go:236.16,238.3 1 0
github.com/Breus/mbpqs/mbpqs.go:256.71,277.16 12 1
github.com/Breus/mbpqs/mbpqs.go:281.2,281.26 1 1
github.com/Breus/mbpqs/mbpqs.go:277.16,279.3 1 0
github.com/Breus/mbpqs/mbpqs.go:285.94,294.16 4 1
github.com/Breus/mbpqs/mbpqs.go:299.2,329.56 19 1
github.com/Breus/mbpqs/mbpqs.go:332.2,332.18 1 1
github.com/Breus/mbpqs/mbpqs.go:294.16,296.3 1 0
github.com/Breus/mbpqs/mbpqs.go:329.56,331.3 1 0
github.com/Breus/mbpqs/random.go:8.44,11.16 3 1
github.com/Breus/mbpqs/random.go:14.2,14.15 1 1
github.com/Breus/mbpqs/random.go:11.16,13.3 1 0
